2025-04-26 17:56:30 error: Error during database connection: Data type "Object" in "User.passwordResetToken" is not supported by "mysql" database.
2025-04-26 18:00:47 error: Error during database connection: Data type "Object" in "User.passwordResetToken" is not supported by "mysql" database.
2025-04-26 18:02:43 info: Database connection established
2025-04-26 18:03:05 info: Database connection established
2025-04-26 18:03:05 info: Server running on port 3000
2025-04-26 18:03:44 info: Database connection established
2025-04-26 18:03:44 info: Server running on port 3000
2025-04-26 18:04:19 error: Error: 401 - Invalid email or password
2025-04-26 18:05:34 info: Database connection established
2025-04-26 18:05:34 info: Server running on port 3000
2025-04-26 18:05:37 error: Error: 401 - Invalid email or password
2025-04-26 18:05:52 info: Database connection established
2025-04-26 18:05:52 info: Server running on port 3000
2025-04-26 18:07:12 error: Error: 500 - "expiresIn" should be a number of seconds or string representing a timespan
2025-04-26 18:08:18 info: Database connection established
2025-04-26 18:08:18 info: Server running on port 3000
2025-04-26 18:08:43 info: Database connection established
2025-04-26 18:08:43 info: Server running on port 3000
2025-04-26 18:08:55 info: Database connection established
2025-04-26 18:08:55 info: Server running on port 3000
2025-04-26 18:10:50 error: Error: 401 - Invalid authentication token
2025-04-26 18:11:38 error: Error: 401 - Invalid authentication token
2025-04-26 18:12:34 error: Error: 401 - Invalid authentication token
2025-04-26 18:12:50 error: Error: 401 - Invalid authentication token
2025-04-26 18:41:57 error: Error: 403 - User not authorized to access this resource
2025-04-26 18:45:56 error: Error: 403 - You do not have permission to access this project
2025-04-26 19:04:47 error: Error: 403 - You do not have permission to update this task status
2025-04-26 19:05:10 error: Error: 404 - Task not found
